<?xml version="1.0" encoding="UTF-8"?>
<testng-results skipped="0" failed="0" total="4" passed="4">
  <reporter-output>
    <line>
      <![CDATA[testAdd for 2 + 3 = success]]>
    </line>
    <line>
      <![CDATA[testAdd for 2 + 4 = success]]>
    </line>
  </reporter-output>
  <suite name="Default suite" duration-ms="23" started-at="2015-12-21T18:24:07Z" finished-at="2015-12-21T18:24:07Z">
    <groups>
      <group name="blabla">
        <method signature="TestNGCalculator.testAdd(int, int, int)[pri:0, instance:com.ilad.calc.TestNGCalculator@2888bd33]" name="testAdd" class="com.ilad.calc.TestNGCalculator"/>
        <method signature="TestNGCalculator.testMult()[pri:0, instance:com.ilad.calc.TestNGCalculator@2888bd33]" name="testMult" class="com.ilad.calc.TestNGCalculator"/>
      </group> <!-- blabla -->
    </groups>
    <test name="Default test" duration-ms="23" started-at="2015-12-21T18:24:07Z" finished-at="2015-12-21T18:24:07Z">
      <class name="com.ilad.calc.TestNGCalculator">
        <test-method status="PASS" signature="setUp()[pri:0, instance:com.ilad.calc.TestNGCalculator@2888bd33]" name="setUp" is-config="true" duration-ms="3" started-at="2015-12-21T18:24:07Z" finished-at="2015-12-21T18:24:07Z">
        </test-method> <!-- setUp -->
        <test-method status="PASS" signature="testAdd(int, int, int)[pri:0, instance:com.ilad.calc.TestNGCalculator@2888bd33]" name="testAdd" duration-ms="5" started-at="2015-12-21T18:24:07Z" data-provider="test1" finished-at="2015-12-21T18:24:07Z">
          <params>
            <param index="0">
              <value>
                <![CDATA[2]]>
              </value>
            </param>
            <param index="1">
              <value>
                <![CDATA[3]]>
              </value>
            </param>
            <param index="2">
              <value>
                <![CDATA[5]]>
              </value>
            </param>
          </params>
        </test-method> <!-- testAdd -->
        <test-method status="PASS" signature="setUp()[pri:0, instance:com.ilad.calc.TestNGCalculator@2888bd33]" name="setUp" is-config="true" duration-ms="0" started-at="2015-12-21T18:24:07Z" finished-at="2015-12-21T18:24:07Z">
        </test-method> <!-- setUp -->
        <test-method status="PASS" signature="testAdd(int, int, int)[pri:0, instance:com.ilad.calc.TestNGCalculator@2888bd33]" name="testAdd" duration-ms="1" started-at="2015-12-21T18:24:07Z" data-provider="test1" finished-at="2015-12-21T18:24:07Z">
          <params>
            <param index="0">
              <value>
                <![CDATA[2]]>
              </value>
            </param>
            <param index="1">
              <value>
                <![CDATA[4]]>
              </value>
            </param>
            <param index="2">
              <value>
                <![CDATA[6]]>
              </value>
            </param>
          </params>
        </test-method> <!-- testAdd -->
        <test-method status="PASS" signature="testMult()[pri:0, instance:com.ilad.calc.TestNGCalculator@2888bd33]" name="testMult" duration-ms="1" started-at="2015-12-21T18:24:07Z" depends-on-methods="com.ilad.calc.TestNGCalculator.testAdd" finished-at="2015-12-21T18:24:07Z">
        </test-method> <!-- testMult -->
        <test-method status="PASS" signature="setUp()[pri:0, instance:com.ilad.calc.TestNGCalculator@2888bd33]" name="setUp" is-config="true" duration-ms="0" started-at="2015-12-21T18:24:07Z" finished-at="2015-12-21T18:24:07Z">
        </test-method> <!-- setUp -->
        <test-method status="PASS" signature="setUp()[pri:0, instance:com.ilad.calc.TestNGCalculator@2888bd33]" name="setUp" is-config="true" duration-ms="0" started-at="2015-12-21T18:24:07Z" finished-at="2015-12-21T18:24:07Z">
        </test-method> <!-- setUp -->
        <test-method status="PASS" signature="testSub()[pri:0, instance:com.ilad.calc.TestNGCalculator@2888bd33]" name="testSub" duration-ms="1" started-at="2015-12-21T18:24:07Z" depends-on-methods="com.ilad.calc.TestNGCalculator.testMult" finished-at="2015-12-21T18:24:07Z">
        </test-method> <!-- testSub -->
      </class> <!-- com.ilad.calc.TestNGCalculator -->
    </test> <!-- Default test -->
  </suite> <!-- Default suite -->
</testng-results>
