<?xml version="1.0" encoding="UTF-8"?>
<!-- Generated by org.testng.reporters.JUnitXMLReporter -->
<testsuite hostname="1105-rd09" name="Default test" tests="4" failures="0" timestamp="21 Dec 2015 16:24:07 GMT" time="0.023" errors="0">
  <testcase name="testAdd" time="0.005" classname="com.ilad.calc.TestNGCalculator"/>
  <testcase name="testAdd" time="0.001" classname="com.ilad.calc.TestNGCalculator"/>
  <testcase name="testMult" time="0.001" classname="com.ilad.calc.TestNGCalculator"/>
  <testcase name="testSub" time="0.001" classname="com.ilad.calc.TestNGCalculator"/>
</testsuite> <!-- Default test -->
